#
# There is insufficient memory for the Java Runtime Environment to continue.
# Native memory allocation (mmap) failed to map 130023424 bytes. Error detail: G1 virtual space
# Possible reasons:
#   The system is out of physical RAM or swap space
#   This process is running with CompressedOops enabled, and the Java Heap may be blocking the growth of the native heap
# Possible solutions:
#   Reduce memory load on the system
#   Increase physical memory or swap space
#   Check if swap backing store is full
#   Decrease Java heap size (-Xmx/-Xms)
#   Decrease number of Java threads
#   Decrease Java thread stack sizes (-Xss)
#   Set larger code cache with -XX:ReservedCodeCacheSize=
#   JVM is running with Unscaled Compressed Oops mode in which the Java heap is
#     placed in the first 4GB address space. The Java Heap base address is the
#     maximum limit for the native heap growth. Please use -XX:HeapBaseMinAddress
#     to set the Java Heap base and to place the Java Heap above 4GB virtual address.
# This output file may be truncated or incomplete.
#
#  Out of Memory Error (os_windows.cpp:3703), pid=14768, tid=3404
#
# JRE version:  (23.0+37) (build )
# Java VM: Java HotSpot(TM) 64-Bit Server VM (23+37-2369, mixed mode, emulated-client, sharing, tiered, compressed oops, compressed class ptrs, g1 gc, windows-amd64)
# No core dump will be written. Minidumps are not enabled by default on client versions of Windows
#

---------------  S U M M A R Y ------------

Command Line: -XX:TieredStopAtLevel=1 -Dspring.output.ansi.enabled=always -Dcom.sun.management.jmxremote -Dspring.jmx.enabled=true -Dspring.liveBeansView.mbeanDomain -Dspring.application.admin.enabled=true -Dmanagement.endpoints.jmx.exposure.include=* -javaagent:C:\Program Files\JetBrains\IntelliJ IDEA 2024.1.4\lib\idea_rt.jar=55053:C:\Program Files\JetBrains\IntelliJ IDEA 2024.1.4\bin -Dfile.encoding=UTF-8 -Dsun.stdout.encoding=UTF-8 -Dsun.stderr.encoding=UTF-8 com.divyan.aquanet.AquaNetApplication

Host: 11th Gen Intel(R) Core(TM) i3-1115G4 @ 3.00GHz, 4 cores, 7G,  Windows 11 , 64 bit Build 22621 (10.0.22621.3527)
Time: Mon Nov 25 22:23:45 2024 Sri Lanka Standard Time elapsed time: 0.018622 seconds (0d 0h 0m 0s)

---------------  T H R E A D  ---------------

Current thread (0x0000018e2a8af2c0):  JavaThread "Unknown thread" [_thread_in_vm, id=3404, stack(0x0000002822700000,0x0000002822800000) (1024K)]

Stack: [0x0000002822700000,0x0000002822800000]
Native frames: (J=compiled Java code, j=interpreted, Vv=VM code, C=native code)
V  [jvm.dll+0x6e08a9]  (no source info available)
V  [jvm.dll+0x87da63]  (no source info available)
V  [jvm.dll+0x87feee]  (no source info available)
V  [jvm.dll+0x8805c3]  (no source info available)
V  [jvm.dll+0x27aee6]  (no source info available)
V  [jvm.dll+0x6dd1b5]  (no source info available)
V  [jvm.dll+0x6d103a]  (no source info available)
V  [jvm.dll+0x35b3ea]  (no source info available)
V  [jvm.dll+0x3637f6]  (no source info available)
V  [jvm.dll+0x34fd5e]  (no source info available)
V  [jvm.dll+0x34fff8]  (no source info available)
V  [jvm.dll+0x3289cc]  (no source info available)
V  [jvm.dll+0x32966e]  (no source info available)
V  [jvm.dll+0x8442e5]  (no source info available)
V  [jvm.dll+0x3b9848]  (no source info available)
V  [jvm.dll+0x82d0dc]  (no source info available)
V  [jvm.dll+0x454d4e]  (no source info available)
V  [jvm.dll+0x456bd1]  (no source info available)
C  [jli.dll+0x52a3]  (no source info available)
C  [ucrtbase.dll+0x29333]  (no source info available)
C  [KERNEL32.DLL+0x1257d]  (no source info available)
C  [ntdll.dll+0x5aa48]  (no source info available)

Lock stack of current Java thread (top to bottom):


---------------  P R O C E S S  ---------------

Threads class SMR info:
_java_thread_list=0x00007ffc68f43618, length=0, elements={
}

Java Threads: ( => current thread )
Total: 0

Other Threads:
  0x0000018e2a903b20 WorkerThread "GC Thread#0"                     [id=13820, stack(0x0000002822800000,0x0000002822900000) (1024K)]
  0x0000018e2a9144d0 ConcurrentGCThread "G1 Main Marker"            [id=8380, stack(0x0000002822900000,0x0000002822a00000) (1024K)]
  0x0000018e2a914e80 WorkerThread "G1 Conc#0"                       [id=9356, stack(0x0000002822a00000,0x0000002822b00000) (1024K)]

[error occurred during error reporting (printing all threads), id 0xc0000005, EXCEPTION_ACCESS_VIOLATION (0xc0000005) at pc=0x00007ffc6868bfba]
VM state: not at safepoint (not fully initialized)

VM Mutex/Monitor currently owned by a thread:  ([mutex/lock_event])
[0x00007ffc68fc3a10] Heap_lock - owner thread: 0x0000018e2a8af2c0

Heap address: 0x0000000084200000, size: 1982 MB, Compressed Oops mode: 32-bit

CDS archive(s) mapped at: [0x0000000000000000-0x0000000000000000-0x0000000000000000), size 0, SharedBaseAddress: 0x0000000800000000, ArchiveRelocationMode: 1.
Narrow klass base: 0x0000000000000000, Narrow klass shift: 0, Narrow klass range: 0x0

GC Precious Log:
 CardTable entry size: 512
 Card Set container configuration: InlinePtr #cards 5 size 8 Array Of Cards #cards 10 size 36 Howl #buckets 4 coarsen threshold 1843 Howl Bitmap #cards 512 size 80 coarsen threshold 460 Card regions per heap region 1 cards per card region 2048

Heap:
 garbage-first heap   total reserved 2029568K, committed 0K, used 0K [0x0000000084200000, 0x0000000100000000)
  region size 1024K, 0 young (0K), 0 survivors (0K)

[error occurred during error reporting (printing heap information), id 0xc0000005, EXCEPTION_ACCESS_VIOLATION (0xc0000005) at pc=0x00007ffc68a8c3b9]
GC Heap History (0 events):
No events

Dll operation events (1 events):
Event: 0.013 Loaded shared library C:\Program Files\Java\jdk-23\bin\java.dll

Deoptimization events (0 events):
No events

Classes loaded (0 events):
No events

Classes unloaded (0 events):
No events

Classes redefined (0 events):
No events

Internal exceptions (0 events):
No events

VM Operations (0 events):
No events

Memory protections (0 events):
No events

Nmethod flushes (0 events):
No events

Events (0 events):
No events


Dynamic libraries:
0x00007ff74ae90000 - 0x00007ff74aea0000 	C:\Program Files\Java\jdk-23\bin\java.exe
0x00007ffcce0f0000 - 0x00007ffcce307000 	C:\WINDOWS\SYSTEM32\ntdll.dll
0x00007ffccd710000 - 0x00007ffccd7d4000 	C:\WINDOWS\System32\KERNEL32.DLL
0x00007ffccb580000 - 0x00007ffccb927000 	C:\WINDOWS\System32\KERNELBASE.dll
0x00007ffccb930000 - 0x00007ffccba41000 	C:\WINDOWS\System32\ucrtbase.dll
0x00007ffcb5b20000 - 0x00007ffcb5b3b000 	C:\Program Files\Java\jdk-23\bin\VCRUNTIME140.dll
0x00007ffcb3060000 - 0x00007ffcb3077000 	C:\Program Files\Java\jdk-23\bin\jli.dll
0x00007ffccc050000 - 0x00007ffccc1fe000 	C:\WINDOWS\System32\USER32.dll
0x00007ffccbc30000 - 0x00007ffccbc56000 	C:\WINDOWS\System32\win32u.dll
0x00007ffccda70000 - 0x00007ffccda99000 	C:\WINDOWS\System32\GDI32.dll
0x00007ffccba50000 - 0x00007ffccbb69000 	C:\WINDOWS\System32\gdi32full.dll
0x00007ffccbd80000 - 0x00007ffccbe1a000 	C:\WINDOWS\System32\msvcp_win.dll
0x00007ffcac370000 - 0x00007ffcac603000 	C:\WINDOWS\WinSxS\amd64_microsoft.windows.common-controls_6595b64144ccf1df_6.0.22621.3527_none_270e469b73872a76\COMCTL32.dll
0x00007ffccdb20000 - 0x00007ffccdbc7000 	C:\WINDOWS\System32\msvcrt.dll
0x00007ffccbf90000 - 0x00007ffccbfc1000 	C:\WINDOWS\System32\IMM32.DLL
0x00007ffcc7860000 - 0x00007ffcc786c000 	C:\Program Files\Java\jdk-23\bin\vcruntime140_1.dll
0x00007ffc87190000 - 0x00007ffc8721e000 	C:\Program Files\Java\jdk-23\bin\msvcp140.dll
0x00007ffc68350000 - 0x00007ffc6909f000 	C:\Program Files\Java\jdk-23\bin\server\jvm.dll
0x00007ffccdbd0000 - 0x00007ffccdc82000 	C:\WINDOWS\System32\ADVAPI32.dll
0x00007ffccc5c0000 - 0x00007ffccc668000 	C:\WINDOWS\System32\sechost.dll
0x00007ffccbc60000 - 0x00007ffccbc88000 	C:\WINDOWS\System32\bcrypt.dll
0x00007ffccdf00000 - 0x00007ffcce015000 	C:\WINDOWS\System32\RPCRT4.dll
0x00007ffccc380000 - 0x00007ffccc3f1000 	C:\WINDOWS\System32\WS2_32.dll
0x00007ffccb220000 - 0x00007ffccb26d000 	C:\WINDOWS\SYSTEM32\POWRPROF.dll
0x00007ffcc15a0000 - 0x00007ffcc15d4000 	C:\WINDOWS\SYSTEM32\WINMM.dll
0x00007ffcc0310000 - 0x00007ffcc031a000 	C:\WINDOWS\SYSTEM32\VERSION.dll
0x00007ffccb100000 - 0x00007ffccb113000 	C:\WINDOWS\SYSTEM32\UMPDC.dll
0x00007ffcca400000 - 0x00007ffcca418000 	C:\WINDOWS\SYSTEM32\kernel.appcore.dll
0x00007ffcc7830000 - 0x00007ffcc783a000 	C:\Program Files\Java\jdk-23\bin\jimage.dll
0x00007ffcc8c10000 - 0x00007ffcc8e42000 	C:\WINDOWS\SYSTEM32\DBGHELP.DLL
0x00007ffccd360000 - 0x00007ffccd6e8000 	C:\WINDOWS\System32\combase.dll
0x00007ffccd7e0000 - 0x00007ffccd8b7000 	C:\WINDOWS\System32\OLEAUT32.dll
0x00007ffca9550000 - 0x00007ffca9582000 	C:\WINDOWS\SYSTEM32\dbgcore.DLL
0x00007ffccbc90000 - 0x00007ffccbd09000 	C:\WINDOWS\System32\bcryptPrimitives.dll
0x00007ffcc0280000 - 0x00007ffcc028f000 	C:\Program Files\Java\jdk-23\bin\instrument.dll
0x00007ffcaed70000 - 0x00007ffcaed8e000 	C:\Program Files\Java\jdk-23\bin\java.dll
0x00007ffccd8c0000 - 0x00007ffccda65000 	C:\WINDOWS\System32\ole32.dll
0x00007ffccc670000 - 0x00007ffcccecc000 	C:\WINDOWS\System32\SHELL32.dll

dbghelp: loaded successfully - version: 4.0.5 - missing functions: none
symbol engine: initialized successfully - sym options: 0x614 - pdb path: .;C:\Program Files\Java\jdk-23\bin;C:\WINDOWS\SYSTEM32;C:\WINDOWS\WinSxS\amd64_microsoft.windows.common-controls_6595b64144ccf1df_6.0.22621.3527_none_270e469b73872a76;C:\Program Files\Java\jdk-23\bin\server

VM Arguments:
jvm_args: -XX:TieredStopAtLevel=1 -Dspring.output.ansi.enabled=always -Dcom.sun.management.jmxremote -Dspring.jmx.enabled=true -Dspring.liveBeansView.mbeanDomain -Dspring.application.admin.enabled=true -Dmanagement.endpoints.jmx.exposure.include=* -javaagent:C:\Program Files\JetBrains\IntelliJ IDEA 2024.1.4\lib\idea_rt.jar=55053:C:\Program Files\JetBrains\IntelliJ IDEA 2024.1.4\bin -Dfile.encoding=UTF-8 -Dsun.stdout.encoding=UTF-8 -Dsun.stderr.encoding=UTF-8 
java_command: com.divyan.aquanet.AquaNetApplication
java_class_path (initial): D:\AquaNet\target\classes;C:\Users\91701\.m2\repository\org\springframework\boot\spring-boot-devtools\3.4.0\spring-boot-devtools-3.4.0.jar;C:\Users\91701\.m2\repository\org\springframework\boot\spring-boot\3.4.0\spring-boot-3.4.0.jar;C:\Users\91701\.m2\repository\org\springframework\spring-context\6.2.0\spring-context-6.2.0.jar;C:\Users\91701\.m2\repository\org\springframework\boot\spring-boot-autoconfigure\3.4.0\spring-boot-autoconfigure-3.4.0.jar;C:\Users\91701\.m2\repository\org\springframework\boot\spring-boot-starter\3.4.0\spring-boot-starter-3.4.0.jar;C:\Users\91701\.m2\repository\org\springframework\boot\spring-boot-starter-logging\3.4.0\spring-boot-starter-logging-3.4.0.jar;C:\Users\91701\.m2\repository\ch\qos\logback\logback-classic\1.5.12\logback-classic-1.5.12.jar;C:\Users\91701\.m2\repository\ch\qos\logback\logback-core\1.5.12\logback-core-1.5.12.jar;C:\Users\91701\.m2\repository\org\apache\logging\log4j\log4j-to-slf4j\2.24.1\log4j-to-slf4j-2.24.1.jar;C:\Users\91701\.m2\repository\org\apache\logging\log4j\log4j-api\2.24.1\log4j-api-2.24.1.jar;C:\Users\91701\.m2\repository\org\slf4j\jul-to-slf4j\2.0.16\jul-to-slf4j-2.0.16.jar;C:\Users\91701\.m2\repository\org\yaml\snakeyaml\2.3\snakeyaml-2.3.jar;C:\Users\91701\.m2\repository\org\slf4j\slf4j-api\2.0.16\slf4j-api-2.0.16.jar;C:\Users\91701\.m2\repository\jakarta\xml\bind\jakarta.xml.bind-api\4.0.2\jakarta.xml.bind-api-4.0.2.jar;C:\Users\91701\.m2\repository\jakarta\activation\jakarta.activation-api\2.1.3\jakarta.activation-api-2.1.3.jar;C:\Users\91701\.m2\repository\net\bytebuddy\byte-buddy\1.15.10\byte-buddy-1.15.10.jar;C:\Users\91701\.m2\repository\org\springframework\spring-core\6.2.0\spring-core-6.2.0.jar;C:\Users\91701\.m2\repository\org\springframework\spring-jcl\6.2.0\spring-jcl-6.2.0.jar;C:\Users\91701\.m2\repository\org\apache\tomcat\embed\tomcat-embed-jasper\10.1.33\tomcat-embed-jasper-10.1.33.jar;C:\Users\91701\.m2\repository\org\apache\tomcat\embed\tomcat-embed-core\10.1.33\tomcat-embed-core-10.1.33.jar;C:\Users\91701\.m2\repository\org\apache\tomcat\tomcat-annotations-api\10.1.33\tomcat-annotations-api-10.1.33.jar;C:\Users\91701\.m2\repository\org\apache\tomcat\embed\tomcat-embed-el\10.1.33\tomcat-embed-el-10.1.33.jar;C:\Users\91701\.m2\repository\org\eclipse\jdt\ecj\3.33.0\ecj-3.33.0.jar;C:\Users\91701\.m2\repository\org\springframework\boot\spring-boot-starter-web\3.4.0\spring-boot-starter-web-3.4.0.jar;C:\Users\91701\.m2\repository\org\springframework\boot\spring-boot-starter-json\3.4.0\spring-boot-starter-json-3.4.0.jar;C:\Users\91701\.m2\repository\com\fasterxml\jackson\core\jackson-databind\2.18.1\jackson-databind-2.18.1.jar;C:\Users\91701\.m2\repository\com\fasterxml\jackson\core\jackson-annotations\2.18.1\jackson-annotations-2.18.1.jar;C:\Users\91701\.m2\repository\com\fasterxml\jackson\core\jackson-core\2.18.1\jackson-core-2.18.1.jar;C:\Users\91701\.m2\repository\com\fasterxml\jackson\datatype\jackson-datatype-jdk8\2.18.1\jackson-datatype-jdk8-2.18.1.jar;C:\Users\91701\.m2\repository\com\fasterxml\jackson\datatype\jackson-datatype-jsr310\2.18.1\jackson-datatype-jsr310-2.18.1.jar;C:\Users\91701\.m2\repository\com\fasterxml\jackson\module\jackson-module-parameter-names\2.18.1\jackson-module-parameter-names-2.18.1.jar;C:\Users\91701\.m2\repository\org\springframework\boot\spring-boot-starter-tomcat\3.4.0\spring-boot-starter-tomcat-3.4.0.jar;C:\Users\91701\.m2\repository\org\apache\tomcat\embed\tomcat-embed-websocket\10.1.33\tomcat-embed-websocket-10.1.33.jar;C:\Users\91701\.m2\repository\org\springframework\spring-web\6.2.0\spring-web-6.2.0.jar;C:\Users\91701\.m2\repository\org\springframework\spring-beans\6.2.0\spring-beans-6.2.0.jar;C:\Users\91701\.m2\repository\io\micrometer\micrometer-observation\1.14.1\micrometer-observation-1.14.1.jar;C:\Users\91701\.m2\repository\io\micrometer\micrometer-commons\1.14.1\micrometer-commons-1.14.1.jar;C:\Users\91701\.m2\repository\org\springframework\spring-webmvc\6.2.0\spring-webmvc-6.2.0.jar;C:\Users\91701\.m2\repository\org\springframework\spring-aop\6.2.0\spring-aop-6.2.0.jar;C:\Users\91701\.m2\repository\org\springframework\spring-expression\6.2.0\spring-expression-6.2.0.jar;C:\Users\91701\.m2\repository\jakarta\servlet\jakarta.servlet-api\6.0.0\jakarta.servlet-api-6.0.0.jar;C:\Users\91701\.m2\repository\jakarta\annotation\jakarta.annotation-api\2.1.1\jakarta.annotation-api-2.1.1.jar;C:\Users\91701\.m2\repository\com\mysql\mysql-connector-j\8.0.33\mysql-connector-j-8.0.33.jar;C:\Users\91701\.m2\repository\org\springframework\boot\spring-boot-starter-data-jpa\3.4.0\spring-boot-starter-data-jpa-3.4.0.jar;C:\Users\91701\.m2\repository\org\springframework\boot\spring-boot-starter-jdbc\3.4.0\spring-boot-starter-jdbc-3.4.0.jar;C:\Users\91701\.m2\repository\com\zaxxer\HikariCP\5.1.0\HikariCP-5.1.0.jar;C:\Users\91701\.m2\repository\org\springframework\spring-jdbc\6.2.0\spring-jdbc-6.2.0.jar;C:\Users\91701\.m2\repository\org\hibernate\orm\hibernate-core\6.6.2.Final\hibernate-core-6.6.2.Final.jar;C:\Users\91701\.m2\repository\jakarta\persistence\jakarta.persistence-api\3.1.0\jakarta.persistence-api-3.1.0.jar;C:\Users\91701\.m2\repository\jakarta\transaction\jakarta.transaction-api\2.0.1\jakarta.transaction-api-2.0.1.jar;C:\Users\91701\.m2\repository\org\jboss\logging\jboss-logging\3.6.1.Final\jboss-logging-3.6.1.Final.jar;C:\Users\91701\.m2\repository\org\hibernate\common\hibernate-commons-annotations\7.0.3.Final\hibernate-commons-annotations-7.0.3.Final.jar;C:\Users\91701\.m2\repository\io\smallrye\jandex\3.2.0\jandex-3.2.0.jar;C:\Users\91701\.m2\repository\com\fasterxml\classmate\1.7.0\classmate-1.7.0.jar;C:\Users\91701\.m2\repository\org\glassfish\jaxb\jaxb-runtime\4.0.5\jaxb-runtime-4.0.5.jar;C:\Users\91701\.m2\repository\org\glassfish\jaxb\jaxb-core\4.0.5\jaxb-core-4.0.5.jar;C:\Users\91701\.m2\repository\org\glassfish\jaxb\txw2\4.0.5\txw2-4.0.5.jar;C:\Users\91701\.m2\repository\com\sun\istack\istack-commons-runtime\4.1.2\istack-commons-runtime-4.1.2.jar;C:\Users\91701\.m2\repository\jakarta\inject\jakarta.inject-api\2.0.1\jakarta.inject-api-2.0.1.jar;C:\Users\91701\.m2\repository\org\antlr\antlr4-runtime\4.13.0\antlr4-runtime-4.13.0.jar;C:\Users\91701\.m2\repository\org\springframework\data\spring-data-jpa\3.4.0\spring-data-jpa-3.4.0.jar;C:\Users\91701\.m2\repository\org\springframework\data\spring-data-commons\3.4.0\spring-data-commons-3.4.0.jar;C:\Users\91701\.m2\repository\org\springframework\spring-orm\6.2.0\spring-orm-6.2.0.jar;C:\Users\91701\.m2\repository\org\springframework\spring-tx\6.2.0\spring-tx-6.2.0.jar;C:\Users\91701\.m2\repository\org\springframework\spring-aspects\6.2.0\spring-aspects-6.2.0.jar;C:\Users\91701\.m2\repository\org\aspectj\aspectjweaver\1.9.22.1\aspectjweaver-1.9.22.1.jar;C:\Users\91701\.m2\repository\jakarta\el\jakarta.el-api\5.0.0\jakarta.el-api-5.0.0.jar;C:\Users\91701\.m2\repository\org\springframework\boot\spring-boot-starter-mail\3.4.0\spring-boot-starter-mail-3.4.0.jar;C:\Users\91701\.m2\repository\org\springframework\spring-context-support\6.2.0\spring-context-support-6.2.0.jar;C:\Users\91701\.m2\repository\org\eclipse\angus\jakarta.mail\2.0.3\jakarta.mail-2.0.3.jar;C:\Users\91701\.m2\repository\org\eclipse\angus\angus-activation\2.0.2\angus-activation-2.0.2.jar
Launcher Type: SUN_STANDARD

[Global flags]
     intx CICompilerCount                          = 3                                         {product} {ergonomic}
     uint ConcGCThreads                            = 1                                         {product} {ergonomic}
     uint G1ConcRefinementThreads                  = 4                                         {product} {ergonomic}
   size_t G1HeapRegionSize                         = 1048576                                   {product} {ergonomic}
   size_t InitialHeapSize                          = 130023424                                 {product} {ergonomic}
     bool ManagementServer                         = true                                      {product} {command line}
   size_t MarkStackSize                            = 4194304                                   {product} {ergonomic}
   size_t MarkStackSizeMax                         = 536870912                                 {product} {ergonomic}
   size_t MaxHeapSize                              = 2078277632                                {product} {ergonomic}
   size_t MinHeapDeltaBytes                        = 1048576                                   {product} {ergonomic}
   size_t MinHeapSize                              = 8388608                                   {product} {ergonomic}
    uintx NonNMethodCodeHeapSize                   = 4096                                   {pd product} {ergonomic}
    uintx NonProfiledCodeHeapSize                  = 0                                      {pd product} {ergonomic}
     bool ProfileInterpreter                       = false                                  {pd product} {command line}
    uintx ProfiledCodeHeapSize                     = 0                                      {pd product} {ergonomic}
   size_t SoftMaxHeapSize                          = 2078277632                             {manageable} {ergonomic}
     intx TieredStopAtLevel                        = 1                                         {product} {command line}
     bool UseCompressedOops                        = true                           {product lp64_product} {ergonomic}
     bool UseG1GC                                  = true                                      {product} {ergonomic}
     bool UseLargePagesIndividualAllocation        = false                                  {pd product} {ergonomic}

Logging:
Log output configuration:
 #0: stdout all=warning uptime,level,tags foldmultilines=false
 #1: stderr all=off uptime,level,tags foldmultilines=false

Environment Variables:
JAVA_HOME=C:\Program Files\Java\jdk-23\bin
PATH=C:\Program Files\Common Files\Oracle\Java\javapath;C:\WINDOWS\system32;C:\WINDOWS;C:\WINDOWS\System32\Wbem;C:\WINDOWS\System32\WindowsPowerShell\v1.0\;C:\WINDOWS\System32\OpenSSH\;C:\Program Files\dotnet\;C:\MinGW\bin;C:\Program Files\Git\cmd;D:\apache-maven-3.9.6-bin\apache-maven-3.9.6\bin;C:\Program Files\nodejs\;C:\Users\91701\AppData\Local\Programs\Python\Python311-32;C:\Users\91701\AppData\Local\Programs\Python\Python311-32\Scripts;C:\Program Files (x86)\Java\jre1.8.0_421\bin;C:\Program Files\MySQL\MySQL Shell 8.0\bin\;C:\Users\91701\AppData\Local\Microsoft\WindowsApps;C:\Program Files\JetBrains\CLion 2022.3.1\bin;;D:\flutter\bin;C:\Users\91701\AppData\Roaming\npm;C:\Users\91701\AppData\Local\Programs\Python\Python311-32;C:\Users\91701\AppData\Local\Programs\Python\Python311-32\Scripts;C:\Program Files\JetBrains\IntelliJ IDEA 2024.1.4\bin;;C:\Users\91701\AppData\Local\Programs\Microsoft VS Code\bin;C:\MinGW\bin;C:\Program Files\Java\jdk-23\bin;
USERNAME=DIVYAN_TM
OS=Windows_NT
PROCESSOR_IDENTIFIER=Intel64 Family 6 Model 140 Stepping 1, GenuineIntel
TMP=C:\Users\91701\AppData\Local\Temp
TEMP=C:\Users\91701\AppData\Local\Temp




Periodic native trim disabled

---------------  S Y S T E M  ---------------

OS:
 Windows 11 , 64 bit Build 22621 (10.0.22621.3527)
OS uptime: 0 days 10:38 hours
Hyper-V role detected

CPU: total 4 (initial active 4) (2 cores per cpu, 2 threads per core) family 6 model 140 stepping 1 microcode 0xb8, cx8, cmov, fxsr, ht, mmx, 3dnowpref, sse, sse2, sse3, ssse3, sse4.1, sse4.2, popcnt, lzcnt, tsc, tscinvbit, avx, avx2, aes, erms, clmul, bmi1, bmi2, adx, avx512f, avx512dq, avx512cd, avx512bw, avx512vl, sha, fma, vzeroupper, avx512_vpopcntdq, avx512_vpclmulqdq, avx512_vaes, avx512_vnni, clflush, clflushopt, clwb, avx512_vbmi2, avx512_vbmi, hv, rdtscp, rdpid, fsrm, gfni, avx512_bitalg, f16c, cet_ibt, cet_ss, avx512_ifma
Processor Information for the first 4 processors :
  Max Mhz: 2995, Current Mhz: 2995, Mhz Limit: 2995

Memory: 4k page, system-wide physical 7926M (1106M free)
TotalPageFile size 12175M (AvailPageFile size 76M)
current process WorkingSet (physical memory assigned to process): 12M, peak: 12M
current process commit charge ("private bytes"): 47M, peak: 171M

vm_info: Java HotSpot(TM) 64-Bit Server VM (23+37-2369) for windows-amd64 JRE (23+37-2369), built on 2024-08-20T16:01:23Z with MS VC++ 17.6 (VS2022)

END.
